2024-06-20 17:05:16,017 - User Naga with ID 1002 logged in as Admin
2024-06-20 17:39:21,519 - package: mysql.connector.plugins
2024-06-20 17:39:21,519 - plugin_name: caching_sha2_password
2024-06-20 17:39:21,519 - AUTHENTICATION_PLUGIN_CLASS: MySQLCachingSHA2PasswordAuthPlugin
2024-06-20 17:39:21,526 - package: mysql.connector.plugins
2024-06-20 17:39:21,526 - plugin_name: mysql_native_password
2024-06-20 17:39:21,529 - AUTHENTICATION_PLUGIN_CLASS: MySQLNativePasswordAuthPlugin
2024-06-20 17:39:38,155 - User Harsha with ID 1001 logged in as Chef
2024-06-20 17:39:45,754 - User Naga with ID 1002 logged in as Admin
2024-06-20 17:39:54,107 - User Tej with ID 1003 logged in as Employee
2024-06-20 17:55:12,685 - package: mysql.connector.plugins
2024-06-20 17:55:12,687 - plugin_name: caching_sha2_password
2024-06-20 17:55:12,688 - AUTHENTICATION_PLUGIN_CLASS: MySQLCachingSHA2PasswordAuthPlugin
2024-06-20 17:55:12,694 - package: mysql.connector.plugins
2024-06-20 17:55:12,694 - plugin_name: mysql_native_password
2024-06-20 17:55:12,699 - AUTHENTICATION_PLUGIN_CLASS: MySQLNativePasswordAuthPlugin
2024-06-20 17:55:30,252 - User Naga with ID 1002 logged in as Admin
2024-06-20 17:55:48,418 - User Naga with ID 1002 logged in as Admin
2024-06-20 17:57:48,293 - package: mysql.connector.plugins
2024-06-20 17:57:48,293 - plugin_name: caching_sha2_password
2024-06-20 17:57:48,294 - AUTHENTICATION_PLUGIN_CLASS: MySQLCachingSHA2PasswordAuthPlugin
2024-06-20 17:57:48,301 - package: mysql.connector.plugins
2024-06-20 17:57:48,302 - plugin_name: mysql_native_password
2024-06-20 17:57:48,307 - AUTHENTICATION_PLUGIN_CLASS: MySQLNativePasswordAuthPlugin
2024-06-20 17:57:59,607 - User Naga with ID 1002 logged in as Admin
2024-06-20 17:59:04,943 - package: mysql.connector.plugins
2024-06-20 17:59:04,943 - plugin_name: caching_sha2_password
2024-06-20 17:59:04,943 - AUTHENTICATION_PLUGIN_CLASS: MySQLCachingSHA2PasswordAuthPlugin
2024-06-20 17:59:04,943 - package: mysql.connector.plugins
2024-06-20 17:59:04,943 - plugin_name: mysql_native_password
2024-06-20 17:59:04,956 - AUTHENTICATION_PLUGIN_CLASS: MySQLNativePasswordAuthPlugin
2024-06-20 17:59:09,612 - User nAGA with ID 1002 logged in as Admin
2024-06-20 18:27:18,899 - package: mysql.connector.plugins
2024-06-20 18:27:18,899 - plugin_name: caching_sha2_password
2024-06-20 18:27:18,899 - AUTHENTICATION_PLUGIN_CLASS: MySQLCachingSHA2PasswordAuthPlugin
2024-06-20 18:27:18,916 - package: mysql.connector.plugins
2024-06-20 18:27:18,916 - plugin_name: mysql_native_password
2024-06-20 18:27:18,926 - AUTHENTICATION_PLUGIN_CLASS: MySQLNativePasswordAuthPlugin
2024-06-20 18:27:25,002 - User Naga with ID 1002 logged in as Admin
2024-06-20 18:27:37,315 - User Harsha with ID 1001 logged in as Chef
2024-06-20 18:31:07,818 - package: mysql.connector.plugins
2024-06-20 18:31:07,821 - plugin_name: caching_sha2_password
2024-06-20 18:31:07,821 - AUTHENTICATION_PLUGIN_CLASS: MySQLCachingSHA2PasswordAuthPlugin
2024-06-20 18:31:07,826 - package: mysql.connector.plugins
2024-06-20 18:31:07,826 - plugin_name: mysql_native_password
2024-06-20 18:31:07,831 - AUTHENTICATION_PLUGIN_CLASS: MySQLNativePasswordAuthPlugin
2024-06-20 18:31:18,649 - User Naga with ID 1002 logged in as Admin
2024-06-20 18:32:31,414 - package: mysql.connector.plugins
2024-06-20 18:32:31,414 - plugin_name: caching_sha2_password
2024-06-20 18:32:31,414 - AUTHENTICATION_PLUGIN_CLASS: MySQLCachingSHA2PasswordAuthPlugin
2024-06-20 18:32:31,414 - package: mysql.connector.plugins
2024-06-20 18:32:31,414 - plugin_name: mysql_native_password
2024-06-20 18:32:31,427 - AUTHENTICATION_PLUGIN_CLASS: MySQLNativePasswordAuthPlugin
2024-06-20 18:32:42,173 - User Naga with ID 1002 logged in as Admin
2024-06-20 18:34:34,312 - package: mysql.connector.plugins
2024-06-20 18:34:34,317 - plugin_name: caching_sha2_password
2024-06-20 18:34:34,317 - AUTHENTICATION_PLUGIN_CLASS: MySQLCachingSHA2PasswordAuthPlugin
2024-06-20 18:34:34,321 - package: mysql.connector.plugins
2024-06-20 18:34:34,321 - plugin_name: mysql_native_password
2024-06-20 18:34:34,327 - AUTHENTICATION_PLUGIN_CLASS: MySQLNativePasswordAuthPlugin
2024-06-20 18:34:46,804 - User Naga with ID 1002 logged in as Admin
2024-06-20 18:34:54,133 - User Tej with ID 1003 logged in as Employee
2024-06-20 18:39:17,100 - package: mysql.connector.plugins
2024-06-20 18:39:17,100 - plugin_name: caching_sha2_password
2024-06-20 18:39:17,100 - AUTHENTICATION_PLUGIN_CLASS: MySQLCachingSHA2PasswordAuthPlugin
2024-06-20 18:39:17,112 - package: mysql.connector.plugins
2024-06-20 18:39:17,112 - plugin_name: mysql_native_password
2024-06-20 18:39:17,112 - AUTHENTICATION_PLUGIN_CLASS: MySQLNativePasswordAuthPlugin
2024-06-20 18:39:21,969 - User Naga with ID 1002 logged in as Admin
2024-06-20 18:39:28,677 - User Harsha with ID 1001 logged in as Chef
2024-06-20 18:45:21,311 - package: mysql.connector.plugins
2024-06-20 18:45:21,313 - plugin_name: caching_sha2_password
2024-06-20 18:45:21,313 - AUTHENTICATION_PLUGIN_CLASS: MySQLCachingSHA2PasswordAuthPlugin
2024-06-20 18:45:21,318 - package: mysql.connector.plugins
2024-06-20 18:45:21,319 - plugin_name: mysql_native_password
2024-06-20 18:45:21,323 - AUTHENTICATION_PLUGIN_CLASS: MySQLNativePasswordAuthPlugin
2024-06-20 18:45:30,948 - User Naga with ID 1002 logged in as Admin
2024-06-20 18:46:20,949 - package: mysql.connector.plugins
2024-06-20 18:46:20,950 - plugin_name: caching_sha2_password
2024-06-20 18:46:20,950 - AUTHENTICATION_PLUGIN_CLASS: MySQLCachingSHA2PasswordAuthPlugin
2024-06-20 18:46:20,954 - package: mysql.connector.plugins
2024-06-20 18:46:20,954 - plugin_name: mysql_native_password
2024-06-20 18:46:20,956 - AUTHENTICATION_PLUGIN_CLASS: MySQLNativePasswordAuthPlugin
2024-06-20 18:46:30,568 - User Harsha with ID 1001 logged in as Chef
2024-06-20 18:46:44,353 - User Naga with ID 1002 logged in as Admin
2024-06-20 18:47:28,333 - package: mysql.connector.plugins
2024-06-20 18:47:28,333 - plugin_name: caching_sha2_password
2024-06-20 18:47:28,333 - AUTHENTICATION_PLUGIN_CLASS: MySQLCachingSHA2PasswordAuthPlugin
2024-06-20 18:47:28,335 - package: mysql.connector.plugins
2024-06-20 18:47:28,335 - plugin_name: mysql_native_password
2024-06-20 18:47:28,335 - AUTHENTICATION_PLUGIN_CLASS: MySQLNativePasswordAuthPlugin
2024-06-20 18:47:43,257 - User Naga with ID 1002 logged in as Admin
2024-06-20 18:47:45,134 - User logged out of the system
2024-06-20 18:47:45,136 - User with employeeID 1002 logged out of the system
2024-06-20 18:48:57,001 - package: mysql.connector.plugins
2024-06-20 18:48:57,002 - plugin_name: caching_sha2_password
2024-06-20 18:48:57,002 - AUTHENTICATION_PLUGIN_CLASS: MySQLCachingSHA2PasswordAuthPlugin
2024-06-20 18:48:57,008 - package: mysql.connector.plugins
2024-06-20 18:48:57,008 - plugin_name: mysql_native_password
2024-06-20 18:48:57,013 - AUTHENTICATION_PLUGIN_CLASS: MySQLNativePasswordAuthPlugin
2024-06-20 18:49:12,872 - User Naga with ID 1002 logged in as Admin
2024-06-20 18:49:15,058 - User with employeeID 1002 logged out of the system
2024-06-20 18:50:12,446 - package: mysql.connector.plugins
2024-06-20 18:50:12,448 - plugin_name: caching_sha2_password
2024-06-20 18:50:12,448 - AUTHENTICATION_PLUGIN_CLASS: MySQLCachingSHA2PasswordAuthPlugin
2024-06-20 18:50:12,453 - package: mysql.connector.plugins
2024-06-20 18:50:12,453 - plugin_name: mysql_native_password
2024-06-20 18:50:12,455 - AUTHENTICATION_PLUGIN_CLASS: MySQLNativePasswordAuthPlugin
2024-06-20 18:50:24,387 - User Naga with ID 1002 logged in as Admin
2024-06-20 18:50:25,812 - User with ID 1002 logged out of the system
2024-06-20 18:50:52,553 - User Harsha with ID 1001 logged in as Chef
2024-06-20 18:50:54,369 - User with ID 1001 logged out of the system
2024-06-20 18:51:43,266 - package: mysql.connector.plugins
2024-06-20 18:51:43,266 - plugin_name: caching_sha2_password
2024-06-20 18:51:43,266 - AUTHENTICATION_PLUGIN_CLASS: MySQLCachingSHA2PasswordAuthPlugin
2024-06-20 18:51:43,282 - package: mysql.connector.plugins
2024-06-20 18:51:43,282 - plugin_name: mysql_native_password
2024-06-20 18:51:43,282 - AUTHENTICATION_PLUGIN_CLASS: MySQLNativePasswordAuthPlugin
2024-06-20 18:51:49,198 - User Naga with ID 1002 logged in as Admin
2024-06-20 18:51:50,813 - User with ID 1002 logged out of the system
2024-06-20 18:52:01,094 - User Harsha with ID 1001 logged in as Chef
2024-06-20 18:52:03,232 - User with ID 1001 logged out of the system
2024-06-20 18:52:20,986 - User Naga with ID 1002 logged in as Admin
2024-06-20 18:58:39,283 - package: mysql.connector.plugins
2024-06-20 18:58:39,283 - plugin_name: caching_sha2_password
2024-06-20 18:58:39,283 - AUTHENTICATION_PLUGIN_CLASS: MySQLCachingSHA2PasswordAuthPlugin
2024-06-20 18:58:39,288 - package: mysql.connector.plugins
2024-06-20 18:58:39,288 - plugin_name: mysql_native_password
2024-06-20 18:58:39,291 - AUTHENTICATION_PLUGIN_CLASS: MySQLNativePasswordAuthPlugin
2024-06-20 18:58:47,667 - User Harsha with ID 1001 logged in as Chef
2024-06-20 19:02:06,381 - package: mysql.connector.plugins
2024-06-20 19:02:06,381 - plugin_name: caching_sha2_password
2024-06-20 19:02:06,382 - AUTHENTICATION_PLUGIN_CLASS: MySQLCachingSHA2PasswordAuthPlugin
2024-06-20 19:02:06,390 - package: mysql.connector.plugins
2024-06-20 19:02:06,390 - plugin_name: mysql_native_password
2024-06-20 19:02:06,393 - AUTHENTICATION_PLUGIN_CLASS: MySQLNativePasswordAuthPlugin
2024-06-20 19:02:16,965 - User Harsha with ID 1001 logged in as Chef
2024-06-20 19:03:08,682 - package: mysql.connector.plugins
2024-06-20 19:03:08,682 - plugin_name: caching_sha2_password
2024-06-20 19:03:08,683 - AUTHENTICATION_PLUGIN_CLASS: MySQLCachingSHA2PasswordAuthPlugin
2024-06-20 19:03:08,683 - package: mysql.connector.plugins
2024-06-20 19:03:08,683 - plugin_name: mysql_native_password
2024-06-20 19:03:08,692 - AUTHENTICATION_PLUGIN_CLASS: MySQLNativePasswordAuthPlugin
2024-06-20 19:03:13,938 - User Harsha with ID 1001 logged in as Chef
2024-06-20 19:05:10,891 - package: mysql.connector.plugins
2024-06-20 19:05:10,891 - plugin_name: caching_sha2_password
2024-06-20 19:05:10,891 - AUTHENTICATION_PLUGIN_CLASS: MySQLCachingSHA2PasswordAuthPlugin
2024-06-20 19:05:10,899 - package: mysql.connector.plugins
2024-06-20 19:05:10,899 - plugin_name: mysql_native_password
2024-06-20 19:05:10,899 - AUTHENTICATION_PLUGIN_CLASS: MySQLNativePasswordAuthPlugin
2024-06-20 19:05:20,005 - User Harsha with ID 1001 logged in as Chef
2024-06-20 19:07:14,236 - package: mysql.connector.plugins
2024-06-20 19:07:14,236 - plugin_name: caching_sha2_password
2024-06-20 19:07:14,236 - AUTHENTICATION_PLUGIN_CLASS: MySQLCachingSHA2PasswordAuthPlugin
2024-06-20 19:07:14,236 - package: mysql.connector.plugins
2024-06-20 19:07:14,236 - plugin_name: mysql_native_password
2024-06-20 19:07:14,254 - AUTHENTICATION_PLUGIN_CLASS: MySQLNativePasswordAuthPlugin
2024-06-20 19:07:21,541 - User harsha with ID 1001 logged in as Chef
2024-06-20 19:21:38,064 - package: mysql.connector.plugins
2024-06-20 19:21:38,065 - plugin_name: caching_sha2_password
2024-06-20 19:21:38,065 - AUTHENTICATION_PLUGIN_CLASS: MySQLCachingSHA2PasswordAuthPlugin
2024-06-20 19:21:38,072 - package: mysql.connector.plugins
2024-06-20 19:21:38,072 - plugin_name: mysql_native_password
2024-06-20 19:21:38,074 - AUTHENTICATION_PLUGIN_CLASS: MySQLNativePasswordAuthPlugin
2024-06-20 19:21:54,113 - User Tej with ID 1003 logged in as Employee
2024-06-20 19:27:08,573 - package: mysql.connector.plugins
2024-06-20 19:27:08,573 - plugin_name: caching_sha2_password
2024-06-20 19:27:08,573 - AUTHENTICATION_PLUGIN_CLASS: MySQLCachingSHA2PasswordAuthPlugin
2024-06-20 19:27:08,581 - package: mysql.connector.plugins
2024-06-20 19:27:08,581 - plugin_name: mysql_native_password
2024-06-20 19:27:08,588 - AUTHENTICATION_PLUGIN_CLASS: MySQLNativePasswordAuthPlugin
2024-06-20 19:27:23,152 - User Harsha with ID 1001 logged in as Chef
2024-06-20 19:28:07,638 - package: mysql.connector.plugins
2024-06-20 19:28:07,638 - plugin_name: caching_sha2_password
2024-06-20 19:28:07,639 - AUTHENTICATION_PLUGIN_CLASS: MySQLCachingSHA2PasswordAuthPlugin
2024-06-20 19:28:07,643 - package: mysql.connector.plugins
2024-06-20 19:28:07,643 - plugin_name: mysql_native_password
2024-06-20 19:28:07,645 - AUTHENTICATION_PLUGIN_CLASS: MySQLNativePasswordAuthPlugin
2024-06-20 19:28:15,156 - User Harsha with ID 1001 logged in as Chef
2024-06-20 19:28:38,685 - User with ID 1001 logged out of the system
2024-06-20 19:28:43,804 - User Tej with ID 1003 logged in as Employee
2024-06-20 19:34:09,250 - package: mysql.connector.plugins
2024-06-20 19:34:09,250 - plugin_name: caching_sha2_password
2024-06-20 19:34:09,250 - AUTHENTICATION_PLUGIN_CLASS: MySQLCachingSHA2PasswordAuthPlugin
2024-06-20 19:34:09,255 - package: mysql.connector.plugins
2024-06-20 19:34:09,255 - plugin_name: mysql_native_password
2024-06-20 19:34:09,258 - AUTHENTICATION_PLUGIN_CLASS: MySQLNativePasswordAuthPlugin
2024-06-20 19:34:24,752 - User Tej with ID 1003 logged in as Employee
2024-06-20 19:34:28,561 - User with ID 1003 logged out of the system
2024-06-20 19:34:39,583 - User Harsha with ID 1001 logged in as Chef
2024-06-20 21:37:27,564 - package: mysql.connector.plugins
2024-06-20 21:37:27,564 - plugin_name: caching_sha2_password
2024-06-20 21:37:27,564 - AUTHENTICATION_PLUGIN_CLASS: MySQLCachingSHA2PasswordAuthPlugin
2024-06-20 21:37:27,580 - package: mysql.connector.plugins
2024-06-20 21:37:27,580 - plugin_name: mysql_native_password
2024-06-20 21:37:27,580 - AUTHENTICATION_PLUGIN_CLASS: MySQLNativePasswordAuthPlugin
2024-06-20 21:37:39,467 - User Harsha with ID 1001 logged in as Chef
2024-06-20 21:38:19,217 - package: mysql.connector.plugins
2024-06-20 21:38:19,217 - plugin_name: caching_sha2_password
2024-06-20 21:38:19,217 - AUTHENTICATION_PLUGIN_CLASS: MySQLCachingSHA2PasswordAuthPlugin
2024-06-20 21:38:19,217 - package: mysql.connector.plugins
2024-06-20 21:38:19,217 - plugin_name: mysql_native_password
2024-06-20 21:38:19,217 - AUTHENTICATION_PLUGIN_CLASS: MySQLNativePasswordAuthPlugin
2024-06-20 21:38:27,101 - User Harsha with ID 1001 logged in as Chef
2024-06-21 10:55:32,460 - package: mysql.connector.plugins
2024-06-21 10:55:32,460 - plugin_name: caching_sha2_password
2024-06-21 10:55:32,461 - AUTHENTICATION_PLUGIN_CLASS: MySQLCachingSHA2PasswordAuthPlugin
2024-06-21 10:55:32,463 - package: mysql.connector.plugins
2024-06-21 10:55:32,464 - plugin_name: mysql_native_password
2024-06-21 10:55:32,468 - AUTHENTICATION_PLUGIN_CLASS: MySQLNativePasswordAuthPlugin
2024-06-21 10:55:44,513 - User Harsha with ID 1001 logged in as Chef
2024-06-21 10:56:23,887 - package: mysql.connector.plugins
2024-06-21 10:56:23,887 - plugin_name: caching_sha2_password
2024-06-21 10:56:23,887 - AUTHENTICATION_PLUGIN_CLASS: MySQLCachingSHA2PasswordAuthPlugin
2024-06-21 10:56:23,889 - package: mysql.connector.plugins
2024-06-21 10:56:23,889 - plugin_name: mysql_native_password
2024-06-21 10:56:23,891 - AUTHENTICATION_PLUGIN_CLASS: MySQLNativePasswordAuthPlugin
2024-06-21 10:56:51,767 - User Harsha with ID 1001 logged in as Chef
2024-06-21 10:57:56,478 - User with ID 1001 logged out of the system
2024-06-21 11:13:19,298 - package: mysql.connector.plugins
2024-06-21 11:13:19,298 - plugin_name: caching_sha2_password
2024-06-21 11:13:19,298 - AUTHENTICATION_PLUGIN_CLASS: MySQLCachingSHA2PasswordAuthPlugin
2024-06-21 11:13:19,301 - package: mysql.connector.plugins
2024-06-21 11:13:19,301 - plugin_name: mysql_native_password
2024-06-21 11:13:19,303 - AUTHENTICATION_PLUGIN_CLASS: MySQLNativePasswordAuthPlugin
2024-06-21 11:14:28,486 - package: mysql.connector.plugins
2024-06-21 11:14:28,486 - plugin_name: caching_sha2_password
2024-06-21 11:14:28,486 - AUTHENTICATION_PLUGIN_CLASS: MySQLCachingSHA2PasswordAuthPlugin
2024-06-21 11:14:28,488 - package: mysql.connector.plugins
2024-06-21 11:14:28,488 - plugin_name: mysql_native_password
2024-06-21 11:14:28,489 - AUTHENTICATION_PLUGIN_CLASS: MySQLNativePasswordAuthPlugin
2024-06-21 11:16:09,688 - package: mysql.connector.plugins
2024-06-21 11:16:09,688 - plugin_name: caching_sha2_password
2024-06-21 11:16:09,688 - AUTHENTICATION_PLUGIN_CLASS: MySQLCachingSHA2PasswordAuthPlugin
2024-06-21 11:16:09,690 - package: mysql.connector.plugins
2024-06-21 11:16:09,690 - plugin_name: mysql_native_password
2024-06-21 11:16:09,692 - AUTHENTICATION_PLUGIN_CLASS: MySQLNativePasswordAuthPlugin
2024-06-21 11:17:12,290 - package: mysql.connector.plugins
2024-06-21 11:17:12,290 - plugin_name: caching_sha2_password
2024-06-21 11:17:12,290 - AUTHENTICATION_PLUGIN_CLASS: MySQLCachingSHA2PasswordAuthPlugin
2024-06-21 11:17:12,294 - package: mysql.connector.plugins
2024-06-21 11:17:12,294 - plugin_name: mysql_native_password
2024-06-21 11:17:12,296 - AUTHENTICATION_PLUGIN_CLASS: MySQLNativePasswordAuthPlugin
2024-06-21 11:19:56,956 - package: mysql.connector.plugins
2024-06-21 11:19:56,956 - plugin_name: caching_sha2_password
2024-06-21 11:19:56,956 - AUTHENTICATION_PLUGIN_CLASS: MySQLCachingSHA2PasswordAuthPlugin
2024-06-21 11:19:56,958 - package: mysql.connector.plugins
2024-06-21 11:19:56,958 - plugin_name: mysql_native_password
2024-06-21 11:19:56,959 - AUTHENTICATION_PLUGIN_CLASS: MySQLNativePasswordAuthPlugin
2024-06-21 11:21:35,874 - package: mysql.connector.plugins
2024-06-21 11:21:35,874 - plugin_name: caching_sha2_password
2024-06-21 11:21:35,874 - AUTHENTICATION_PLUGIN_CLASS: MySQLCachingSHA2PasswordAuthPlugin
2024-06-21 11:21:35,876 - package: mysql.connector.plugins
2024-06-21 11:21:35,876 - plugin_name: mysql_native_password
2024-06-21 11:21:35,878 - AUTHENTICATION_PLUGIN_CLASS: MySQLNativePasswordAuthPlugin
2024-06-21 11:21:47,598 - User Harsha with ID 1001 logged in as Chef
2024-06-21 12:34:45,158 - package: mysql.connector.plugins
2024-06-21 12:34:45,158 - plugin_name: caching_sha2_password
2024-06-21 12:34:45,158 - AUTHENTICATION_PLUGIN_CLASS: MySQLCachingSHA2PasswordAuthPlugin
2024-06-21 12:34:45,168 - package: mysql.connector.plugins
2024-06-21 12:34:45,169 - plugin_name: mysql_native_password
2024-06-21 12:34:45,174 - AUTHENTICATION_PLUGIN_CLASS: MySQLNativePasswordAuthPlugin
2024-06-21 12:34:55,035 - User Harsha with ID 1001 logged in as Chef
2024-06-21 12:47:42,701 - package: mysql.connector.plugins
2024-06-21 12:47:42,703 - plugin_name: caching_sha2_password
2024-06-21 12:47:42,704 - AUTHENTICATION_PLUGIN_CLASS: MySQLCachingSHA2PasswordAuthPlugin
2024-06-21 12:47:42,709 - package: mysql.connector.plugins
2024-06-21 12:47:42,709 - plugin_name: mysql_native_password
2024-06-21 12:47:42,714 - AUTHENTICATION_PLUGIN_CLASS: MySQLNativePasswordAuthPlugin
2024-06-21 12:47:50,515 - User Harsha with ID 1001 logged in as Chef
2024-06-21 12:53:29,587 - package: mysql.connector.plugins
2024-06-21 12:53:29,589 - plugin_name: caching_sha2_password
2024-06-21 12:53:29,589 - AUTHENTICATION_PLUGIN_CLASS: MySQLCachingSHA2PasswordAuthPlugin
2024-06-21 12:53:29,603 - package: mysql.connector.plugins
2024-06-21 12:53:29,603 - plugin_name: mysql_native_password
2024-06-21 12:53:29,613 - AUTHENTICATION_PLUGIN_CLASS: MySQLNativePasswordAuthPlugin
2024-06-21 12:53:38,408 - User Harsha with ID 1001 logged in as Chef
2024-06-21 13:02:03,206 - package: mysql.connector.plugins
2024-06-21 13:02:03,206 - plugin_name: caching_sha2_password
2024-06-21 13:02:03,206 - AUTHENTICATION_PLUGIN_CLASS: MySQLCachingSHA2PasswordAuthPlugin
2024-06-21 13:02:03,210 - package: mysql.connector.plugins
2024-06-21 13:02:03,210 - plugin_name: mysql_native_password
2024-06-21 13:02:03,214 - AUTHENTICATION_PLUGIN_CLASS: MySQLNativePasswordAuthPlugin
2024-06-21 13:02:14,114 - User Harsha with ID 1001 logged in as Chef
2024-06-21 13:05:53,795 - package: mysql.connector.plugins
2024-06-21 13:05:53,796 - plugin_name: caching_sha2_password
2024-06-21 13:05:53,796 - AUTHENTICATION_PLUGIN_CLASS: MySQLCachingSHA2PasswordAuthPlugin
2024-06-21 13:05:53,803 - package: mysql.connector.plugins
2024-06-21 13:05:53,804 - plugin_name: mysql_native_password
2024-06-21 13:05:53,810 - AUTHENTICATION_PLUGIN_CLASS: MySQLNativePasswordAuthPlugin
2024-06-21 13:06:04,543 - User Harsha with ID 1001 logged in as Chef
2024-06-21 13:13:07,523 - package: mysql.connector.plugins
2024-06-21 13:13:07,524 - plugin_name: caching_sha2_password
2024-06-21 13:13:07,525 - AUTHENTICATION_PLUGIN_CLASS: MySQLCachingSHA2PasswordAuthPlugin
2024-06-21 13:13:07,541 - package: mysql.connector.plugins
2024-06-21 13:13:07,541 - plugin_name: mysql_native_password
2024-06-21 13:13:07,551 - AUTHENTICATION_PLUGIN_CLASS: MySQLNativePasswordAuthPlugin
2024-06-21 13:13:35,533 - User Harsha with ID 1001 logged in as Chef
2024-06-21 13:14:37,310 - package: mysql.connector.plugins
2024-06-21 13:14:37,310 - plugin_name: caching_sha2_password
2024-06-21 13:14:37,310 - AUTHENTICATION_PLUGIN_CLASS: MySQLCachingSHA2PasswordAuthPlugin
2024-06-21 13:14:37,315 - package: mysql.connector.plugins
2024-06-21 13:14:37,316 - plugin_name: mysql_native_password
2024-06-21 13:14:37,320 - AUTHENTICATION_PLUGIN_CLASS: MySQLNativePasswordAuthPlugin
2024-06-21 13:14:45,415 - User Harsha with ID 1001 logged in as Chef
2024-06-21 13:17:31,544 - package: mysql.connector.plugins
2024-06-21 13:17:31,545 - plugin_name: caching_sha2_password
2024-06-21 13:17:31,545 - AUTHENTICATION_PLUGIN_CLASS: MySQLCachingSHA2PasswordAuthPlugin
2024-06-21 13:17:31,548 - package: mysql.connector.plugins
2024-06-21 13:17:31,548 - plugin_name: mysql_native_password
2024-06-21 13:17:31,551 - AUTHENTICATION_PLUGIN_CLASS: MySQLNativePasswordAuthPlugin
2024-06-21 13:17:37,713 - User Harsha with ID 1001 logged in as Chef
2024-06-21 13:19:35,609 - package: mysql.connector.plugins
2024-06-21 13:19:35,611 - plugin_name: caching_sha2_password
2024-06-21 13:19:35,611 - AUTHENTICATION_PLUGIN_CLASS: MySQLCachingSHA2PasswordAuthPlugin
2024-06-21 13:19:35,620 - package: mysql.connector.plugins
2024-06-21 13:19:35,620 - plugin_name: mysql_native_password
2024-06-21 13:19:35,628 - AUTHENTICATION_PLUGIN_CLASS: MySQLNativePasswordAuthPlugin
2024-06-21 13:19:52,243 - User Harsha with ID 1001 logged in as Chef
2024-06-21 14:04:30,917 - package: mysql.connector.plugins
2024-06-21 14:04:30,918 - plugin_name: caching_sha2_password
2024-06-21 14:04:30,918 - AUTHENTICATION_PLUGIN_CLASS: MySQLCachingSHA2PasswordAuthPlugin
2024-06-21 14:04:30,924 - package: mysql.connector.plugins
2024-06-21 14:04:30,924 - plugin_name: mysql_native_password
2024-06-21 14:04:30,930 - AUTHENTICATION_PLUGIN_CLASS: MySQLNativePasswordAuthPlugin
2024-06-21 14:04:52,547 - User Harsha with ID 1001 logged in as Chef
2024-06-21 14:08:11,545 - package: mysql.connector.plugins
2024-06-21 14:08:11,546 - plugin_name: caching_sha2_password
2024-06-21 14:08:11,546 - AUTHENTICATION_PLUGIN_CLASS: MySQLCachingSHA2PasswordAuthPlugin
2024-06-21 14:08:11,552 - package: mysql.connector.plugins
2024-06-21 14:08:11,552 - plugin_name: mysql_native_password
2024-06-21 14:08:11,556 - AUTHENTICATION_PLUGIN_CLASS: MySQLNativePasswordAuthPlugin
2024-06-21 14:08:16,575 - User Harsha with ID 1001 logged in as Chef
2024-06-21 14:08:56,784 - package: mysql.connector.plugins
2024-06-21 14:08:56,784 - plugin_name: caching_sha2_password
2024-06-21 14:08:56,784 - AUTHENTICATION_PLUGIN_CLASS: MySQLCachingSHA2PasswordAuthPlugin
2024-06-21 14:08:56,784 - package: mysql.connector.plugins
2024-06-21 14:08:56,784 - plugin_name: mysql_native_password
2024-06-21 14:08:56,784 - AUTHENTICATION_PLUGIN_CLASS: MySQLNativePasswordAuthPlugin
2024-06-21 14:09:02,422 - User Harsha with ID 1001 logged in as Chef
2024-06-21 14:10:29,210 - package: mysql.connector.plugins
2024-06-21 14:10:29,210 - plugin_name: caching_sha2_password
2024-06-21 14:10:29,210 - AUTHENTICATION_PLUGIN_CLASS: MySQLCachingSHA2PasswordAuthPlugin
2024-06-21 14:10:29,214 - package: mysql.connector.plugins
2024-06-21 14:10:29,215 - plugin_name: mysql_native_password
2024-06-21 14:10:29,217 - AUTHENTICATION_PLUGIN_CLASS: MySQLNativePasswordAuthPlugin
